<?xml version="1.0" encoding="UTF-8"?>
<!-- Generated by org.testng.reporters.JUnitReportReporter -->
<testsuite hostname="DESKTOP-FSHIO19" failures="0" tests="1" name="tt.tt" time="11.597" errors="0" timestamp="24 Sep 2018 05:13:41 GMT" skipped="0">
  <testcase classname="tt.tt" name="testcase1" time="11.597"/>
</testsuite> <!-- tt.tt -->
